Arguments: 
  C:\Program Files\nodejs\node.exe C:\Program Files (x86)\Yarn\bin\yarn.js add nodemon

PATH: 
  C:\Users\Dell\bin;C:\Program Files\Git\mingw64\bin;C:\Program Files\Git\usr\local\bin;C:\Program Files\Git\usr\bin;C:\Program Files\Git\usr\bin;C:\Program Files\Git\mingw64\bin;C:\Program Files\Git\usr\bin;C:\Users\Dell\bin;C:\Program Files\ImageMagick-7.0.7-Q16;C:\Program Files\ImageMagick-7.0.7-Q8;C:\ProgramData\Oracle\Java\javapath;C:\Program Files\Docker\Docker\Resources\bin;C:\WINDOWS\system32;C:\WINDOWS;C:\WINDOWS\System32\Wbem;C:\WINDOWS\System32\WindowsPowerShell\v1.0;C:\xampp\php;C:\ProgramData\ComposerSetup\bin;C:\Program Files\Amazon\AWSCLI;C:\Program Files\OpenSSH\bin;C:\ProgramData\chocolatey\bin;C:\tools\sqlite;C:\Program Files (x86)\Heroku\bin;C:\Program Files (x86)\git\cmd;C:\PostgreSQL\pg96\bin;C:\Program Files (x86)\OpenVPN\bin;C:\Program Files\Microsoft SQL Server\Client SDK\ODBC\130\Tools\Binn;C:\Program Files (x86)\Microsoft SQL Server\130\Tools\Binn;C:\Program Files\Microsoft SQL Server\130\Tools\Binn;C:\Program Files\Microsoft SQL Server\130\DTS\Binn;C:\Program Files\CMake\bin;C:\Program Files\nodejs;C:\HashiCorp\Vagrant\bin;C:\Program Files\Git\cmd;C:\Program Files\PuTTY;C:\Program Files (x86)\Windows Kits\8.1\Windows Performance Toolkit;C:\Program Files (x86)\Yarn\bin;C:\Ruby23-x64\bin;C:\Users\Dell\AppData\Local\Microsoft\WindowsApps;C:\Users\Dell\AppData\Roaming\Composer\vendor\bin;C:\Python27;C:\Python27\Scripts;C:\Users\Dell\AppData\Roaming\Python\Scripts;C:\PROGRA~2\Oracle\VirtualBox;C:\Users\Dell\AppData\Local\atom\bin;C:\Program Files\PostgreSQL\9.3\bin;C:\Users\Dell\Homestead\bin;C:\Program Files\Heroku\bin;C:\Program Files\Java\jdk1.8.0_144\bin;C:\Users\Dell\AppData\Local\Turbo\Cmd;D:\Program Files\MongoDB\Server\3.6\bin;C:\msys32\usr\bin;C:\msys32\usr\local\bin;C:\Users\Dell\AppData\Roaming\npm;D:\Qt\Qt5.5.1\5.5\mingw492_32\bin;D:\Program Files\Microsoft VS Code\bin;C:\Users\Dell\AppData\Local\Yarn\bin;C:\Program Files\Git\usr\bin\vendor_perl;C:\Program Files\Git\usr\bin\core_perl

Yarn version: 
  1.5.1

Node version: 
  8.9.4

Platform: 
  win32 x64

npm manifest: 
  {
    "name": "getstream",
    "version": "1.0.0",
    "description": "",
    "main": "index.js",
    "scripts": {
      "test": "echo \"Error: no test specified\" && exit 1"
    },
    "author": "",
    "license": "ISC"
  }

yarn manifest: 
  No manifest

Lockfile: 
  No lockfile

Trace: 
  Error: connect ETIMEDOUT 104.16.60.173:443
      at Object._errnoException (util.js:1022:11)
      at _exceptionWithHostPort (util.js:1044:20)
      at TCPConnectWrap.afterConnect [as oncomplete] (net.js:1182:14)
